[1.550s] DEBUG:colcon:Command line arguments: ['/usr/bin/colcon', 'build', '--packages-select', 'slam_nav_system']
[1.550s] DEBUG:colcon:Parsed command line arguments: Namespace(log_base=None, log_level=None, verb_name='build', build_base='build', install_base='install', merge_install=False, symlink_install=False, test_result_base=None, continue_on_error=False, executor='parallel', parallel_workers=4, event_handlers=None, ignore_user_meta=False, metas=['./colcon.meta'], base_paths=['.'], packages_ignore=None, packages_ignore_regex=None, paths=None, packages_up_to=None, packages_up_to_regex=None, packages_above=None, packages_above_and_dependencies=None, packages_above_depth=None, packages_select_by_dep=None, packages_skip_by_dep=None, packages_skip_up_to=None, packages_select_build_failed=False, packages_skip_build_finished=False, packages_select_test_failures=False, packages_skip_test_passed=False, packages_select=['slam_nav_system'], packages_skip=None, packages_select_regex=None, packages_skip_regex=None, packages_start=None, packages_end=None, allow_overriding=[], cmake_args=None, cmake_target=None, cmake_target_skip_unavailable=False, cmake_clean_cache=False, cmake_clean_first=False, cmake_force_configure=False, ament_cmake_args=None, catkin_cmake_args=None, catkin_skip_building_tests=False, verb_parser=<colcon_defaults.argument_parser.defaults.DefaultArgumentsDecorator object at 0x72482b00dc00>, verb_extension=<colcon_core.verb.build.BuildVerb object at 0x72482b166380>, main=<bound method BuildVerb.main of <colcon_core.verb.build.BuildVerb object at 0x72482b166380>>)
[2.945s] Level 1:colcon.colcon_core.package_discovery:discover_packages(colcon_meta) check parameters
[2.946s] Level 1:colcon.colcon_core.package_discovery:discover_packages(recursive) check parameters
[2.947s] Level 1:colcon.colcon_core.package_discovery:discover_packages(ignore) check parameters
[2.947s] Level 1:colcon.colcon_core.package_discovery:discover_packages(path) check parameters
[2.947s] Level 1:colcon.colcon_core.package_discovery:discover_packages(colcon_meta) discover
[2.947s] Level 1:colcon.colcon_core.package_discovery:discover_packages(recursive) discover
[2.947s] INFO:colcon.colcon_core.package_discovery:Crawling recursively for packages in '/home/o_oji/slam_nav_ws'
[2.947s] Level 1:colcon.colcon_core.package_identification:_identify(.) by extensions ['ignore', 'ignore_ament_install']
[2.948s] Level 1:colcon.colcon_core.package_identification:_identify(.) by extension 'ignore'
[2.948s] Level 1:colcon.colcon_core.package_identification:_identify(.) by extension 'ignore_ament_install'
[2.948s] Level 1:colcon.colcon_core.package_identification:_identify(.) by extensions ['colcon_pkg']
[2.948s] Level 1:colcon.colcon_core.package_identification:_identify(.) by extension 'colcon_pkg'
[2.949s] Level 1:colcon.colcon_core.package_identification:_identify(.) by extensions ['colcon_meta']
[2.949s] Level 1:colcon.colcon_core.package_identification:_identify(.) by extension 'colcon_meta'
[2.949s] Level 1:colcon.colcon_core.package_identification:_identify(.) by extensions ['ros']
[2.950s] Level 1:colcon.colcon_core.package_identification:_identify(.) by extension 'ros'
[3.035s] Level 1:colcon.colcon_core.package_identification:_identify(.) by extensions ['cmake', 'python']
[3.036s] Level 1:colcon.colcon_core.package_identification:_identify(.) by extension 'cmake'
[3.036s] Level 1:colcon.colcon_core.package_identification:_identify(.) by extension 'python'
[3.036s] Level 1:colcon.colcon_core.package_identification:_identify(.) by extensions ['python_setup_py']
[3.036s] Level 1:colcon.colcon_core.package_identification:_identify(.) by extension 'python_setup_py'
[3.037s] Level 1:colcon.colcon_core.package_identification:_identify(build) by extensions ['ignore', 'ignore_ament_install']
[3.037s] Level 1:colcon.colcon_core.package_identification:_identify(build) by extension 'ignore'
[3.037s] Level 1:colcon.colcon_core.package_identification:_identify(build) ignored
[3.037s] Level 1:colcon.colcon_core.package_identification:_identify(install) by extensions ['ignore', 'ignore_ament_install']
[3.037s] Level 1:colcon.colcon_core.package_identification:_identify(install) by extension 'ignore'
[3.037s] Level 1:colcon.colcon_core.package_identification:_identify(install) ignored
[3.038s] Level 1:colcon.colcon_core.package_identification:_identify(log) by extensions ['ignore', 'ignore_ament_install']
[3.038s] Level 1:colcon.colcon_core.package_identification:_identify(log) by extension 'ignore'
[3.038s] Level 1:colcon.colcon_core.package_identification:_identify(log) ignored
[3.038s] Level 1:colcon.colcon_core.package_identification:_identify(src) by extensions ['ignore', 'ignore_ament_install']
[3.038s] Level 1:colcon.colcon_core.package_identification:_identify(src) by extension 'ignore'
[3.038s] Level 1:colcon.colcon_core.package_identification:_identify(src) by extension 'ignore_ament_install'
[3.038s] Level 1:colcon.colcon_core.package_identification:_identify(src) by extensions ['colcon_pkg']
[3.038s] Level 1:colcon.colcon_core.package_identification:_identify(src) by extension 'colcon_pkg'
[3.038s] Level 1:colcon.colcon_core.package_identification:_identify(src) by extensions ['colcon_meta']
[3.038s] Level 1:colcon.colcon_core.package_identification:_identify(src) by extension 'colcon_meta'
[3.038s] Level 1:colcon.colcon_core.package_identification:_identify(src) by extensions ['ros']
[3.038s] Level 1:colcon.colcon_core.package_identification:_identify(src) by extension 'ros'
[3.038s] Level 1:colcon.colcon_core.package_identification:_identify(src) by extensions ['cmake', 'python']
[3.039s] Level 1:colcon.colcon_core.package_identification:_identify(src) by extension 'cmake'
[3.039s] Level 1:colcon.colcon_core.package_identification:_identify(src) by extension 'python'
[3.039s] Level 1:colcon.colcon_core.package_identification:_identify(src) by extensions ['python_setup_py']
[3.039s] Level 1:colcon.colcon_core.package_identification:_identify(src) by extension 'python_setup_py'
[3.039s] Level 1:colcon.colcon_core.package_identification:_identify(src/slam_nav_system) by extensions ['ignore', 'ignore_ament_install']
[3.040s] Level 1:colcon.colcon_core.package_identification:_identify(src/slam_nav_system) by extension 'ignore'
[3.040s] Level 1:colcon.colcon_core.package_identification:_identify(src/slam_nav_system) by extension 'ignore_ament_install'
[3.040s] Level 1:colcon.colcon_core.package_identification:_identify(src/slam_nav_system) by extensions ['colcon_pkg']
[3.040s] Level 1:colcon.colcon_core.package_identification:_identify(src/slam_nav_system) by extension 'colcon_pkg'
[3.040s] Level 1:colcon.colcon_core.package_identification:_identify(src/slam_nav_system) by extensions ['colcon_meta']
[3.040s] Level 1:colcon.colcon_core.package_identification:_identify(src/slam_nav_system) by extension 'colcon_meta'
[3.040s] Level 1:colcon.colcon_core.package_identification:_identify(src/slam_nav_system) by extensions ['ros']
[3.040s] Level 1:colcon.colcon_core.package_identification:_identify(src/slam_nav_system) by extension 'ros'
[3.053s] DEBUG:colcon.colcon_core.package_identification:Package 'src/slam_nav_system' with type 'ros.ament_cmake' and name 'slam_nav_system'
[3.053s] Level 1:colcon.colcon_core.package_discovery:discover_packages(recursive) using defaults
[3.054s] Level 1:colcon.colcon_core.package_discovery:discover_packages(ignore) discover
[3.054s] Level 1:colcon.colcon_core.package_discovery:discover_packages(ignore) using defaults
[3.054s] Level 1:colcon.colcon_core.package_discovery:discover_packages(path) discover
[3.054s] Level 1:colcon.colcon_core.package_discovery:discover_packages(path) using defaults
[3.158s] Level 1:colcon.colcon_core.package_discovery:discover_packages(prefix_path) check parameters
[3.158s] Level 1:colcon.colcon_core.package_discovery:discover_packages(prefix_path) discover
[3.172s] DEBUG:colcon.colcon_installed_package_information.package_discovery:Found 524 installed packages in /opt/ros/humble
[3.176s] Level 1:colcon.colcon_core.package_discovery:discover_packages(prefix_path) using defaults
[3.283s] Level 5:colcon.colcon_core.verb:set package 'slam_nav_system' build argument 'cmake_args' from command line to 'None'
[3.283s] Level 5:colcon.colcon_core.verb:set package 'slam_nav_system' build argument 'cmake_target' from command line to 'None'
[3.283s] Level 5:colcon.colcon_core.verb:set package 'slam_nav_system' build argument 'cmake_target_skip_unavailable' from command line to 'False'
[3.283s] Level 5:colcon.colcon_core.verb:set package 'slam_nav_system' build argument 'cmake_clean_cache' from command line to 'False'
[3.283s] Level 5:colcon.colcon_core.verb:set package 'slam_nav_system' build argument 'cmake_clean_first' from command line to 'False'
[3.283s] Level 5:colcon.colcon_core.verb:set package 'slam_nav_system' build argument 'cmake_force_configure' from command line to 'False'
[3.283s] Level 5:colcon.colcon_core.verb:set package 'slam_nav_system' build argument 'ament_cmake_args' from command line to 'None'
[3.284s] Level 5:colcon.colcon_core.verb:set package 'slam_nav_system' build argument 'catkin_cmake_args' from command line to 'None'
[3.284s] Level 5:colcon.colcon_core.verb:set package 'slam_nav_system' build argument 'catkin_skip_building_tests' from command line to 'False'
[3.284s] DEBUG:colcon.colcon_core.verb:Building package 'slam_nav_system' with the following arguments: {'ament_cmake_args': None, 'build_base': '/home/o_oji/slam_nav_ws/build/slam_nav_system', 'catkin_cmake_args': None, 'catkin_skip_building_tests': False, 'cmake_args': None, 'cmake_clean_cache': False, 'cmake_clean_first': False, 'cmake_force_configure': False, 'cmake_target': None, 'cmake_target_skip_unavailable': False, 'install_base': '/home/o_oji/slam_nav_ws/install/slam_nav_system', 'merge_install': False, 'path': '/home/o_oji/slam_nav_ws/src/slam_nav_system', 'symlink_install': False, 'test_result_base': None}
[3.284s] INFO:colcon.colcon_core.executor:Executing jobs using 'parallel' executor
[3.287s] DEBUG:colcon.colcon_parallel_executor.executor.parallel:run_until_complete
[3.287s] INFO:colcon.colcon_ros.task.ament_cmake.build:Building ROS package in '/home/o_oji/slam_nav_ws/src/slam_nav_system' with build type 'ament_cmake'
[3.288s] INFO:colcon.colcon_cmake.task.cmake.build:Building CMake package in '/home/o_oji/slam_nav_ws/src/slam_nav_system'
[3.312s] INFO:colcon.colcon_core.plugin_system:Skipping extension 'colcon_core.shell.bat': Not used on non-Windows systems
[3.313s] INFO:colcon.colcon_core.shell:Skip shell extension 'powershell' for command environment: Not usable outside of PowerShell
[3.313s] DEBUG:colcon.colcon_core.shell:Skip shell extension 'dsv' for command environment
[3.343s] DEBUG:colcon.colcon_core.event_handler.log_command:Invoking command in '/home/o_oji/slam_nav_ws/build/slam_nav_system': CMAKE_PREFIX_PATH=/opt/ros/humble /usr/bin/cmake /home/o_oji/slam_nav_ws/src/slam_nav_system -DCMAKE_INSTALL_PREFIX=/home/o_oji/slam_nav_ws/install/slam_nav_system
[9.801s] DEBUG:colcon.colcon_core.event_handler.log_command:Invoked command in '/home/o_oji/slam_nav_ws/build/slam_nav_system' returned '1': CMAKE_PREFIX_PATH=/opt/ros/humble /usr/bin/cmake /home/o_oji/slam_nav_ws/src/slam_nav_system -DCMAKE_INSTALL_PREFIX=/home/o_oji/slam_nav_ws/install/slam_nav_system
[9.833s] Level 1:colcon.colcon_core.environment:create_environment_scripts_only(slam_nav_system)
[9.862s] Level 1:colcon.colcon_core.environment:checking '/home/o_oji/slam_nav_ws/install/slam_nav_system' for CMake module files
[9.863s] Level 1:colcon.colcon_core.environment:checking '/home/o_oji/slam_nav_ws/install/slam_nav_system' for CMake config files
[9.864s] Level 1:colcon.colcon_core.environment:checking '/home/o_oji/slam_nav_ws/install/slam_nav_system/bin'
[9.864s] Level 1:colcon.colcon_core.environment:checking '/home/o_oji/slam_nav_ws/install/slam_nav_system/lib/pkgconfig/slam_nav_system.pc'
[9.864s] Level 1:colcon.colcon_core.environment:checking '/home/o_oji/slam_nav_ws/install/slam_nav_system/lib/python3.10/site-packages'
[9.865s] Level 1:colcon.colcon_core.environment:checking '/home/o_oji/slam_nav_ws/install/slam_nav_system/bin'
[9.865s] INFO:colcon.colcon_core.shell:Creating package script '/home/o_oji/slam_nav_ws/install/slam_nav_system/share/slam_nav_system/package.ps1'
[9.869s] INFO:colcon.colcon_core.shell:Creating package descriptor '/home/o_oji/slam_nav_ws/install/slam_nav_system/share/slam_nav_system/package.dsv'
[9.871s] INFO:colcon.colcon_core.shell:Creating package script '/home/o_oji/slam_nav_ws/install/slam_nav_system/share/slam_nav_system/package.sh'
[9.873s] INFO:colcon.colcon_core.shell:Creating package script '/home/o_oji/slam_nav_ws/install/slam_nav_system/share/slam_nav_system/package.bash'
[9.877s] INFO:colcon.colcon_core.shell:Creating package script '/home/o_oji/slam_nav_ws/install/slam_nav_system/share/slam_nav_system/package.zsh'
[9.883s] Level 1:colcon.colcon_core.environment:create_file_with_runtime_dependencies(/home/o_oji/slam_nav_ws/install/slam_nav_system/share/colcon-core/packages/slam_nav_system)
[9.885s] DEBUG:colcon.colcon_parallel_executor.executor.parallel:closing loop
[9.885s] DEBUG:colcon.colcon_parallel_executor.executor.parallel:loop closed
[9.885s] DEBUG:colcon.colcon_parallel_executor.executor.parallel:run_until_complete finished with '1'
[9.885s] DEBUG:colcon.colcon_core.event_reactor:joining thread
[9.923s] INFO:colcon.colcon_core.plugin_system:Skipping extension 'colcon_notification.desktop_notification.terminal_notifier': Not used on non-Darwin systems
[9.923s] INFO:colcon.colcon_core.plugin_system:Skipping extension 'colcon_notification.desktop_notification.win32': Not used on non-Windows systems
[9.924s] INFO:colcon.colcon_notification.desktop_notification:Sending desktop notification using 'notify2'
[9.955s] DEBUG:colcon.colcon_core.event_reactor:joined thread
[9.956s] INFO:colcon.colcon_core.shell:Creating prefix script '/home/o_oji/slam_nav_ws/install/local_setup.ps1'
[9.961s] INFO:colcon.colcon_core.shell:Creating prefix util module '/home/o_oji/slam_nav_ws/install/_local_setup_util_ps1.py'
[9.965s] INFO:colcon.colcon_core.shell:Creating prefix chain script '/home/o_oji/slam_nav_ws/install/setup.ps1'
[9.967s] INFO:colcon.colcon_core.shell:Creating prefix script '/home/o_oji/slam_nav_ws/install/local_setup.sh'
[9.969s] INFO:colcon.colcon_core.shell:Creating prefix util module '/home/o_oji/slam_nav_ws/install/_local_setup_util_sh.py'
[9.970s] INFO:colcon.colcon_core.shell:Creating prefix chain script '/home/o_oji/slam_nav_ws/install/setup.sh'
[9.973s] INFO:colcon.colcon_core.shell:Creating prefix script '/home/o_oji/slam_nav_ws/install/local_setup.bash'
[9.976s] INFO:colcon.colcon_core.shell:Creating prefix chain script '/home/o_oji/slam_nav_ws/install/setup.bash'
[9.979s] INFO:colcon.colcon_core.shell:Creating prefix script '/home/o_oji/slam_nav_ws/install/local_setup.zsh'
[9.981s] INFO:colcon.colcon_core.shell:Creating prefix chain script '/home/o_oji/slam_nav_ws/install/setup.zsh'
