[0.051s] Invoking command in '/home/o_oji/slam_nav_ws/build/slam_nav_system': CMAKE_PREFIX_PATH=/opt/ros/humble /usr/bin/cmake /home/o_oji/slam_nav_ws/src/slam_nav_system -DCMAKE_INSTALL_PREFIX=/home/o_oji/slam_nav_ws/install/slam_nav_system
[0.826s] -- The C compiler identification is GNU 11.4.0
[1.207s] -- The CXX compiler identification is GNU 11.4.0
[1.258s] -- Detecting C compiler ABI info
[1.592s] -- Detecting C compiler ABI info - done
[1.627s] -- Check for working C compiler: /usr/bin/cc - skipped
[1.628s] -- Detecting C compile features
[1.634s] -- Detecting C compile features - done
[1.653s] -- Detecting CXX compiler ABI info
[2.268s] -- Detecting CXX compiler ABI info - done
[2.304s] -- Check for working CXX compiler: /usr/bin/c++ - skipped
[2.304s] -- Detecting CXX compile features
[2.304s] -- Detecting CXX compile features - done
[2.422s] -- Found ament_cmake: 1.3.12 (/opt/ros/humble/share/ament_cmake/cmake)
[2.863s] -- Found Python3: /usr/bin/python3 (found version "3.10.12") found components: Interpreter 
[3.346s] -- Found rclcpp: 16.0.17 (/opt/ros/humble/share/rclcpp/cmake)
[3.779s] -- Found rosidl_generator_c: 3.1.8 (/opt/ros/humble/share/rosidl_generator_c/cmake)
[3.800s] -- Found rosidl_adapter: 3.1.8 (/opt/ros/humble/share/rosidl_adapter/cmake)
[3.841s] -- Found rosidl_generator_cpp: 3.1.8 (/opt/ros/humble/share/rosidl_generator_cpp/cmake)
[3.903s] -- Using all available rosidl_typesupport_c: rosidl_typesupport_fastrtps_c;rosidl_typesupport_introspection_c
[3.975s] -- Using all available rosidl_typesupport_cpp: rosidl_typesupport_fastrtps_cpp;rosidl_typesupport_introspection_cpp
[4.190s] -- Found rmw_implementation_cmake: 6.1.2 (/opt/ros/humble/share/rmw_implementation_cmake/cmake)
[4.206s] -- Found rmw_fastrtps_cpp: 6.2.9 (/opt/ros/humble/share/rmw_fastrtps_cpp/cmake)
[4.581s] -- Found OpenSSL: /usr/lib/x86_64-linux-gnu/libcrypto.so (found version "3.0.2")  
[4.663s] -- Found FastRTPS: /opt/ros/humble/include  
[4.758s] -- Using RMW implementation 'rmw_fastrtps_cpp' as default
[4.819s] -- Looking for pthread.h
[5.022s] -- Looking for pthread.h - found
[5.023s] -- Performing Test CMAKE_HAVE_LIBC_PTHREAD
[5.593s] -- Performing Test CMAKE_HAVE_LIBC_PTHREAD - Success
[5.593s] -- Found Threads: TRUE  
[5.836s] -- Found rclcpp_action: 16.0.17 (/opt/ros/humble/share/rclcpp_action/cmake)
[6.019s] -- Found nav2_msgs: 1.1.20 (/opt/ros/humble/share/nav2_msgs/cmake)
[6.267s] -- Found tf2: 0.25.18 (/opt/ros/humble/share/tf2/cmake)
[6.311s] -- Found tf2_ros: 0.25.18 (/opt/ros/humble/share/tf2_ros/cmake)
[6.490s] -- Configuring incomplete, errors occurred!
[6.490s] See also "/home/o_oji/slam_nav_ws/build/slam_nav_system/CMakeFiles/CMakeOutput.log".
[6.490s] [31mCMake Error at /opt/ros/humble/share/ament_cmake_target_dependencies/cmake/ament_target_dependencies.cmake:77 (message):
[6.490s]   ament_target_dependencies() the passed package name 'sensor_msgs' was not
[6.490s]   found before
[6.490s] Call Stack (most recent call first):
[6.490s]   CMakeLists.txt:30 (ament_target_dependencies)
[6.491s] 
[6.491s] [0m
[6.509s] Invoked command in '/home/o_oji/slam_nav_ws/build/slam_nav_system' returned '1': CMAKE_PREFIX_PATH=/opt/ros/humble /usr/bin/cmake /home/o_oji/slam_nav_ws/src/slam_nav_system -DCMAKE_INSTALL_PREFIX=/home/o_oji/slam_nav_ws/install/slam_nav_system
