-- Found ament_cmake: 1.3.12 (/opt/ros/humble/share/ament_cmake/cmake)
-- Found rclcpp: 16.0.17 (/opt/ros/humble/share/rclcpp/cmake)
-- Found rosidl_generator_c: 3.1.8 (/opt/ros/humble/share/rosidl_generator_c/cmake)
-- Found rosidl_adapter: 3.1.8 (/opt/ros/humble/share/rosidl_adapter/cmake)
-- Found rosidl_generator_cpp: 3.1.8 (/opt/ros/humble/share/rosidl_generator_cpp/cmake)
-- Using all available rosidl_typesupport_c: rosidl_typesupport_fastrtps_c;rosidl_typesupport_introspection_c
-- Using all available rosidl_typesupport_cpp: rosidl_typesupport_fastrtps_cpp;rosidl_typesupport_introspection_cpp
-- Found rmw_implementation_cmake: 6.1.2 (/opt/ros/humble/share/rmw_implementation_cmake/cmake)
-- Found rmw_fastrtps_cpp: 6.2.9 (/opt/ros/humble/share/rmw_fastrtps_cpp/cmake)
-- Using RMW implementation 'rmw_fastrtps_cpp' as default
-- Found rclcpp_action: 16.0.17 (/opt/ros/humble/share/rclcpp_action/cmake)
-- Found nav2_msgs: 1.1.20 (/opt/ros/humble/share/nav2_msgs/cmake)
-- Found sensor_msgs: 4.9.0 (/opt/ros/humble/share/sensor_msgs/cmake)
-- Found tf2: 0.25.18 (/opt/ros/humble/share/tf2/cmake)
-- Found tf2_ros: 0.25.18 (/opt/ros/humble/share/tf2_ros/cmake)
-- Found ament_lint_auto: 0.12.14 (/opt/ros/humble/share/ament_lint_auto/cmake)
-- Added test 'cppcheck' to perform static code analysis on C / C++ code
-- Configured cppcheck include dirs: /home/o_oji/slam_nav_ws/src/slam_nav_system/include
-- Configured cppcheck exclude dirs and/or files: 
-- Added test 'lint_cmake' to check CMake code style
-- Added test 'uncrustify' to check C / C++ code style
-- Configured uncrustify additional arguments: 
-- Added test 'xmllint' to check XML markup files
-- Configuring done
-- Generating done
-- Build files have been written to: /home/o_oji/slam_nav_ws/build/slam_nav_system
[ 16%] [32mBuilding CXX object CMakeFiles/slam_nav_system.dir/src/slam_manager.cpp.o[0m
[ 33%] [32mBuilding CXX object CMakeFiles/slam_nav_system.dir/src/navigation_manager.cpp.o[0m
[ 50%] [32mBuilding CXX object CMakeFiles/slam_nav_system.dir/src/main_system_node.cpp.o[0m
[ 66%] [32mBuilding CXX object CMakeFiles/slam_nav_system.dir/src/localization_manager.cpp.o[0m
[ 83%] [32mBuilding CXX object CMakeFiles/slam_nav_system.dir/src/obstacle_monitor.cpp.o[0m
[100%] [32m[1mLinking CXX executable slam_nav_system[0m
/usr/bin/ld: CMakeFiles/slam_nav_system.dir/src/main_system_node.cpp.o: in function `slam_nav_system::SlamNavSystemNode::setupGoalSubscription()::{lambda(std::shared_ptr<geometry_msgs::msg::PoseStamped_<std::allocator<void> > >)#1}::operator()(std::shared_ptr<geometry_msgs::msg::PoseStamped_<std::allocator<void> > >) const':
main_system_node.cpp:(.text._ZZN15slam_nav_system17SlamNavSystemNode21setupGoalSubscriptionEvENKUlSt10shared_ptrIN13geometry_msgs3msg12PoseStamped_ISaIvEEEEE_clES7_[_ZZN15slam_nav_system17SlamNavSystemNode21setupGoalSubscriptionEvENKUlSt10shared_ptrIN13geometry_msgs3msg12PoseStamped_ISaIvEEEEE_clES7_]+0x1d7): undefined reference to `slam_nav_system::NavigationManager::sendGoal(geometry_msgs::msg::PoseStamped_<std::allocator<void> > const&)'
/usr/bin/ld: CMakeFiles/slam_nav_system.dir/src/main_system_node.cpp.o: in function `std::_MakeUniq<slam_nav_system::SLAMManager>::__single_object std::make_unique<slam_nav_system::SLAMManager, std::shared_ptr<rclcpp::Node>&>(std::shared_ptr<rclcpp::Node>&)':
main_system_node.cpp:(.text._ZSt11make_uniqueIN15slam_nav_system11SLAMManagerEJRSt10shared_ptrIN6rclcpp4NodeEEEENSt9_MakeUniqIT_E15__single_objectEDpOT0_[_ZSt11make_uniqueIN15slam_nav_system11SLAMManagerEJRSt10shared_ptrIN6rclcpp4NodeEEEENSt9_MakeUniqIT_E15__single_objectEDpOT0_]+0x39): undefined reference to `slam_nav_system::SLAMManager::SLAMManager(std::shared_ptr<rclcpp::Node> const&)'
/usr/bin/ld: CMakeFiles/slam_nav_system.dir/src/main_system_node.cpp.o: in function `std::_MakeUniq<slam_nav_system::LocalizationManager>::__single_object std::make_unique<slam_nav_system::LocalizationManager, std::shared_ptr<rclcpp::Node>&>(std::shared_ptr<rclcpp::Node>&)':
main_system_node.cpp:(.text._ZSt11make_uniqueIN15slam_nav_system19LocalizationManagerEJRSt10shared_ptrIN6rclcpp4NodeEEEENSt9_MakeUniqIT_E15__single_objectEDpOT0_[_ZSt11make_uniqueIN15slam_nav_system19LocalizationManagerEJRSt10shared_ptrIN6rclcpp4NodeEEEENSt9_MakeUniqIT_E15__single_objectEDpOT0_]+0x39): undefined reference to `slam_nav_system::LocalizationManager::LocalizationManager(std::shared_ptr<rclcpp::Node> const&)'
/usr/bin/ld: CMakeFiles/slam_nav_system.dir/src/main_system_node.cpp.o: in function `std::_MakeUniq<slam_nav_system::NavigationManager>::__single_object std::make_unique<slam_nav_system::NavigationManager, std::shared_ptr<rclcpp::Node>&>(std::shared_ptr<rclcpp::Node>&)':
main_system_node.cpp:(.text._ZSt11make_uniqueIN15slam_nav_system17NavigationManagerEJRSt10shared_ptrIN6rclcpp4NodeEEEENSt9_MakeUniqIT_E15__single_objectEDpOT0_[_ZSt11make_uniqueIN15slam_nav_system17NavigationManagerEJRSt10shared_ptrIN6rclcpp4NodeEEEENSt9_MakeUniqIT_E15__single_objectEDpOT0_]+0x39): undefined reference to `slam_nav_system::NavigationManager::NavigationManager(std::shared_ptr<rclcpp::Node> const&)'
/usr/bin/ld: CMakeFiles/slam_nav_system.dir/src/main_system_node.cpp.o: in function `std::_MakeUniq<slam_nav_system::ObstacleMonitor>::__single_object std::make_unique<slam_nav_system::ObstacleMonitor, std::shared_ptr<rclcpp::Node>&>(std::shared_ptr<rclcpp::Node>&)':
main_system_node.cpp:(.text._ZSt11make_uniqueIN15slam_nav_system15ObstacleMonitorEJRSt10shared_ptrIN6rclcpp4NodeEEEENSt9_MakeUniqIT_E15__single_objectEDpOT0_[_ZSt11make_uniqueIN15slam_nav_system15ObstacleMonitorEJRSt10shared_ptrIN6rclcpp4NodeEEEENSt9_MakeUniqIT_E15__single_objectEDpOT0_]+0x39): undefined reference to `slam_nav_system::ObstacleMonitor::ObstacleMonitor(std::shared_ptr<rclcpp::Node> const&)'
collect2: error: ld returned 1 exit status
gmake[2]: *** [CMakeFiles/slam_nav_system.dir/build.make:285: slam_nav_system] Error 1
gmake[1]: *** [CMakeFiles/Makefile2:137: CMakeFiles/slam_nav_system.dir/all] Error 2
gmake: *** [Makefile:146: all] Error 2
